# JRE version: Java(TM) SE Runtime Environment (8.0_191-b12) (build 1.8.0_191-b12)
# Java VM: Java HotSpot(TM) 64-Bit Server VM (25.191-b12 mixed mode windows-amd64 compressed oops)
Heap:
 PSYoungGen      total 505856K, used 408090K [0x000000076b400000, 0x000000078c380000, 0x00000007c0000000)
  eden space 482816K, 84% used [0x000000076b400000,0x00000007842869e8,0x0000000788b80000)
  from space 23040K, 0% used [0x000000078ab80000,0x000000078ab80000,0x000000078c200000)
  to   space 28672K, 0% used [0x0000000788b80000,0x0000000788b80000,0x000000078a780000)
 ParOldGen       total 193024K, used 44803K [0x00000006c1c00000, 0x00000006cd880000, 0x000000076b400000)
  object space 193024K, 23% used [0x00000006c1c00000,0x00000006c47c0d78,0x00000006cd880000)
 Metaspace       used 67854K, capacity 71316K, committed 71552K, reserved 1112064K
  class space    used 9212K, capacity 9797K, committed 9856K, reserved 1048576K
GC Heap History (10 events):
Event: 4.304 GC heap before
{Heap before GC invocations=9 (full 1):
 PSYoungGen      total 230400K, used 45904K [0x000000076b400000, 0x0000000783400000, 0x00000007c0000000)
  eden space 217088K, 15% used [0x000000076b400000,0x000000076d3d7028,0x0000000778800000)
  from space 13312K, 99% used [0x0000000778800000,0x00000007794fd030,0x0000000779500000)
  to   space 18432K, 0% used [0x0000000782200000,0x0000000782200000,0x0000000783400000)
 ParOldGen       total 91136K, used 16392K [0x00000006c1c00000, 0x00000006c7500000, 0x000000076b400000)
  object space 91136K, 17% used [0x00000006c1c00000,0x00000006c2c023a0,0x00000006c7500000)
 Metaspace       used 34185K, capacity 35358K, committed 35496K, reserved 1079296K
  class space    used 4507K, capacity 4753K, committed 4864K, reserved 1048576K
Event: 4.315 GC heap after
Heap after GC invocations=9 (full 1):
 PSYoungGen      total 373760K, used 15187K [0x000000076b400000, 0x0000000784800000, 0x00000007c0000000)
  eden space 355328K, 0% used [0x000000076b400000,0x000000076b400000,0x0000000780f00000)
  from space 18432K, 82% used [0x0000000782200000,0x00000007830d4c10,0x0000000783400000)
  to   space 19456K, 0% used [0x0000000780f00000,0x0000000780f00000,0x0000000782200000)
 ParOldGen       total 91136K, used 16400K [0x00000006c1c00000, 0x00000006c7500000, 0x000000076b400000)
  object space 91136K, 17% used [0x00000006c1c00000,0x00000006c2c043a0,0x00000006c7500000)
 Metaspace       used 34185K, capacity 35358K, committed 35496K, reserved 1079296K
  class space    used 4507K, capacity 4753K, committed 4864K, reserved 1048576K
}
Event: 4.315 GC heap before
{Heap before GC invocations=10 (full 2):
 PSYoungGen      total 373760K, used 15187K [0x000000076b400000, 0x0000000784800000, 0x00000007c0000000)
  eden space 355328K, 0% used [0x000000076b400000,0x000000076b400000,0x0000000780f00000)
  from space 18432K, 82% used [0x0000000782200000,0x00000007830d4c10,0x0000000783400000)
  to   space 19456K, 0% used [0x0000000780f00000,0x0000000780f00000,0x0000000782200000)
 ParOldGen       total 91136K, used 16400K [0x00000006c1c00000, 0x00000006c7500000, 0x000000076b400000)
  object space 91136K, 17% used [0x00000006c1c00000,0x00000006c2c043a0,0x00000006c7500000)
 Metaspace       used 34185K, capacity 35358K, committed 35496K, reserved 1079296K
  class space    used 4507K, capacity 4753K, committed 4864K, reserved 1048576K
Event: 4.366 GC heap after
Heap after GC invocations=10 (full 2):
 PSYoungGen      total 373760K, used 0K [0x000000076b400000, 0x0000000784800000, 0x00000007c0000000)
  eden space 355328K, 0% used [0x000000076b400000,0x000000076b400000,0x0000000780f00000)
  from space 18432K, 0% used [0x0000000782200000,0x0000000782200000,0x0000000783400000)
  to   space 19456K, 0% used [0x0000000780f00000,0x0000000780f00000,0x0000000782200000)
 ParOldGen       total 136704K, used 21591K [0x00000006c1c00000, 0x00000006ca180000, 0x000000076b400000)
  object space 136704K, 15% used [0x00000006c1c00000,0x00000006c3115ee0,0x00000006ca180000)
 Metaspace       used 34185K, capacity 35358K, committed 35496K, reserved 1079296K
  class space    used 4507K, capacity 4753K, committed 4864K, reserved 1048576K
}
Event: 6.269 GC heap before
{Heap before GC invocations=11 (full 2):
 PSYoungGen      total 373760K, used 355328K [0x000000076b400000, 0x0000000784800000, 0x00000007c0000000)
  eden space 355328K, 100% used [0x000000076b400000,0x0000000780f00000,0x0000000780f00000)
  from space 18432K, 0% used [0x0000000782200000,0x0000000782200000,0x0000000783400000)
  to   space 19456K, 0% used [0x0000000780f00000,0x0000000780f00000,0x0000000782200000)
 ParOldGen       total 136704K, used 21591K [0x00000006c1c00000, 0x00000006ca180000, 0x000000076b400000)
  object space 136704K, 15% used [0x00000006c1c00000,0x00000006c3115ee0,0x00000006ca180000)
 Metaspace       used 47072K, capacity 49096K, committed 49408K, reserved 1091584K
  class space    used 6188K, capacity 6593K, committed 6656K, reserved 1048576K
Event: 6.281 GC heap after
Heap after GC invocations=11 (full 2):
 PSYoungGen      total 374784K, used 19431K [0x000000076b400000, 0x000000078c200000, 0x00000007c0000000)
  eden space 355328K, 0% used [0x000000076b400000,0x000000076b400000,0x0000000780f00000)
  from space 19456K, 99% used [0x0000000780f00000,0x00000007821f9e90,0x0000000782200000)
  to   space 23040K, 0% used [0x000000078ab80000,0x000000078ab80000,0x000000078c200000)
 ParOldGen       total 136704K, used 24159K [0x00000006c1c00000, 0x00000006ca180000, 0x000000076b400000)
  object space 136704K, 17% used [0x00000006c1c00000,0x00000006c3397f50,0x00000006ca180000)
 Metaspace       used 47072K, capacity 49096K, committed 49408K, reserved 1091584K
  class space    used 6188K, capacity 6593K, committed 6656K, reserved 1048576K
}
Event: 7.796 GC heap before
{Heap before GC invocations=12 (full 2):
 PSYoungGen      total 374784K, used 281437K [0x000000076b400000, 0x000000078c200000, 0x00000007c0000000)
  eden space 355328K, 73% used [0x000000076b400000,0x000000077b3dd900,0x0000000780f00000)
  from space 19456K, 99% used [0x0000000780f00000,0x00000007821f9e90,0x0000000782200000)
  to   space 23040K, 0% used [0x000000078ab80000,0x000000078ab80000,0x000000078c200000)
 ParOldGen       total 136704K, used 24159K [0x00000006c1c00000, 0x00000006ca180000, 0x000000076b400000)
  object space 136704K, 17% used [0x00000006c1c00000,0x00000006c3397f50,0x00000006ca180000)
 Metaspace       used 56298K, capacity 59120K, committed 59160K, reserved 1099776K
  class space    used 7507K, capacity 8027K, committed 8064K, reserved 1048576K
Event: 7.811 GC heap after
Heap after GC invocations=12 (full 2):
 PSYoungGen      total 505856K, used 23017K [0x000000076b400000, 0x000000078c380000, 0x00000007c0000000)
  eden space 482816K, 0% used [0x000000076b400000,0x000000076b400000,0x0000000788b80000)
  from space 23040K, 99% used [0x000000078ab80000,0x000000078c1fa4a0,0x000000078c200000)
  to   space 28672K, 0% used [0x0000000788b80000,0x0000000788b80000,0x000000078a780000)
 ParOldGen       total 136704K, used 30930K [0x00000006c1c00000, 0x00000006ca180000, 0x000000076b400000)
  object space 136704K, 22% used [0x00000006c1c00000,0x00000006c3a348c0,0x00000006ca180000)
 Metaspace       used 56298K, capacity 59120K, committed 59160K, reserved 1099776K
  class space    used 7507K, capacity 8027K, committed 8064K, reserved 1048576K
}
Event: 7.811 GC heap before
{Heap before GC invocations=13 (full 3):
 PSYoungGen      total 505856K, used 23017K [0x000000076b400000, 0x000000078c380000, 0x00000007c0000000)
  eden space 482816K, 0% used [0x000000076b400000,0x000000076b400000,0x0000000788b80000)
  from space 23040K, 99% used [0x000000078ab80000,0x000000078c1fa4a0,0x000000078c200000)
  to   space 28672K, 0% used [0x0000000788b80000,0x0000000788b80000,0x000000078a780000)
 ParOldGen       total 136704K, used 30930K [0x00000006c1c00000, 0x00000006ca180000, 0x000000076b400000)
  object space 136704K, 22% used [0x00000006c1c00000,0x00000006c3a348c0,0x00000006ca180000)
 Metaspace       used 56298K, capacity 59120K, committed 59160K, reserved 1099776K
  class space    used 7507K, capacity 8027K, committed 8064K, reserved 1048576K
Event: 7.936 GC heap after
Heap after GC invocations=13 (full 3):
 PSYoungGen      total 505856K, used 0K [0x000000076b400000, 0x000000078c380000, 0x00000007c0000000)
  eden space 482816K, 0% used [0x000000076b400000,0x000000076b400000,0x0000000788b80000)
  from space 23040K, 0% used [0x000000078ab80000,0x000000078ab80000,0x000000078c200000)
  to   space 28672K, 0% used [0x0000000788b80000,0x0000000788b80000,0x000000078a780000)
 ParOldGen       total 193024K, used 44803K [0x00000006c1c00000, 0x00000006cd880000, 0x000000076b400000)
  object space 193024K, 23% used [0x00000006c1c00000,0x00000006c47c0d78,0x00000006cd880000)
 Metaspace       used 56298K, capacity 59120K, committed 59160K, reserved 1099776K
  class space    used 7507K, capacity 8027K, committed 8064K, reserved 1048576K
}

